2024-09-19 21:16:35.756 [info] Extension host with pid 23778 started
2024-09-19 21:16:35.756 [info] Skipping acquiring lock for /home/dmoc/webstack-portfolio-project/ecommerceyt/~/.vscode-root/User/workspaceStorage/f266fec3d7ad347224f59c86771346bd.
2024-09-19 21:16:36.652 [info] ExtensionService#_doActivateExtension vscode.git-base, startup: true, activationEvent: '*'
2024-09-19 21:16:37.191 [info] ExtensionService#_doActivateExtension vscode.github, startup: true, activationEvent: '*'
2024-09-19 21:16:37.433 [info] Eager extensions activated
2024-09-19 21:16:37.516 [info] ExtensionService#_doActivateExtension vscode.debug-auto-launch, startup: false, activationEvent: 'onStartupFinished'
2024-09-19 21:16:37.574 [info] ExtensionService#_doActivateExtension vscode.merge-conflict, startup: false, activationEvent: 'onStartupFinished'
2024-09-19 21:26:12.579 [info] ExtensionService#_doActivateExtension vscode.git, startup: false, activationEvent: 'api', root cause: vscode.github
2024-09-19 21:26:14.728 [info] ExtensionService#_doActivateExtension vscode.emmet, startup: false, activationEvent: 'onLanguage'
2024-09-19 21:26:15.290 [info] ExtensionService#_doActivateExtension vscode.github-authentication, startup: false, activationEvent: 'onAuthenticationRequest:github'
2024-09-19 21:26:26.384 [info] ExtensionService#_doActivateExtension vscode.extension-editing, startup: false, activationEvent: 'onLanguage:markdown'
2024-09-19 21:26:26.471 [info] ExtensionService#_doActivateExtension vscode.markdown-language-features, startup: false, activationEvent: 'onLanguage:markdown'
2024-09-19 21:26:27.706 [warning] [Decorations] CAPPING events from decorations provider vscode.git 263
2024-09-19 21:26:29.352 [info] ExtensionService#_doActivateExtension vscode.markdown-math, startup: false, activationEvent: 'api', root cause: vscode.markdown-language-features
2024-09-19 21:26:32.834 [warning] [Decorations] CAPPING events from decorations provider vscode.git 273
2024-09-19 21:26:37.963 [warning] [Decorations] CAPPING events from decorations provider vscode.git 274
2024-09-19 21:26:43.059 [warning] [Decorations] CAPPING events from decorations provider vscode.git 276
2024-09-19 21:26:48.157 [warning] [Decorations] CAPPING events from decorations provider vscode.git 276
2024-09-19 21:26:53.278 [warning] [Decorations] CAPPING events from decorations provider vscode.git 276
2024-09-19 21:26:58.402 [warning] [Decorations] CAPPING events from decorations provider vscode.git 276
2024-09-19 21:27:03.580 [warning] [Decorations] CAPPING events from decorations provider vscode.git 276
2024-09-19 21:27:08.621 [info] ExtensionService#_doActivateExtension vscode.configuration-editing, startup: false, activationEvent: 'onLanguage:json'
2024-09-19 21:27:08.686 [info] ExtensionService#_doActivateExtension vscode.json-language-features, startup: false, activationEvent: 'onLanguage:json'
2024-09-19 21:27:08.962 [info] ExtensionService#_doActivateExtension vscode.npm, startup: false, activationEvent: 'onLanguage:json'
2024-09-19 21:27:09.782 [warning] [Decorations] CAPPING events from decorations provider vscode.git 276
2024-09-19 21:27:14.896 [warning] [Decorations] CAPPING events from decorations provider vscode.git 276
2024-09-19 21:27:19.999 [warning] [Decorations] CAPPING events from decorations provider vscode.git 279
2024-09-19 21:27:25.139 [warning] [Decorations] CAPPING events from decorations provider vscode.git 279
2024-09-19 21:27:28.626 [info] ExtensionService#_doActivateExtension vscode.typescript-language-features, startup: false, activationEvent: 'onLanguage:typescriptreact'
2024-09-19 21:27:30.515 [warning] [Decorations] CAPPING events from decorations provider vscode.git 279
2024-09-19 21:27:35.799 [warning] [Decorations] CAPPING events from decorations provider vscode.git 279
2024-09-19 21:27:44.746 [warning] [Decorations] CAPPING events from decorations provider vscode.git 280
2024-09-19 21:27:49.890 [warning] [Decorations] CAPPING events from decorations provider vscode.git 280
2024-09-19 21:27:55.079 [warning] [Decorations] CAPPING events from decorations provider vscode.git 281
2024-09-19 21:28:00.235 [warning] [Decorations] CAPPING events from decorations provider vscode.git 281
2024-09-19 21:28:05.328 [warning] [Decorations] CAPPING events from decorations provider vscode.git 280
2024-09-19 21:28:10.487 [warning] [Decorations] CAPPING events from decorations provider vscode.git 281
2024-09-19 21:28:15.803 [warning] [Decorations] CAPPING events from decorations provider vscode.git 281
2024-09-19 21:28:20.944 [warning] [Decorations] CAPPING events from decorations provider vscode.git 280
2024-09-19 21:28:26.060 [warning] [Decorations] CAPPING events from decorations provider vscode.git 280
2024-09-19 21:28:31.191 [warning] [Decorations] CAPPING events from decorations provider vscode.git 280
2024-09-19 21:28:40.588 [warning] [Decorations] CAPPING events from decorations provider vscode.git 280
2024-09-19 21:28:45.699 [warning] [Decorations] CAPPING events from decorations provider vscode.git 280
2024-09-19 21:28:50.840 [warning] [Decorations] CAPPING events from decorations provider vscode.git 280
2024-09-19 21:28:55.947 [warning] [Decorations] CAPPING events from decorations provider vscode.git 280
2024-09-19 21:29:01.069 [warning] [Decorations] CAPPING events from decorations provider vscode.git 280
2024-09-19 21:29:06.166 [warning] [Decorations] CAPPING events from decorations provider vscode.git 280
2024-09-19 21:29:11.407 [warning] [Decorations] CAPPING events from decorations provider vscode.git 280
2024-09-19 21:29:16.582 [warning] [Decorations] CAPPING events from decorations provider vscode.git 280
2024-09-19 21:29:21.702 [warning] [Decorations] CAPPING events from decorations provider vscode.git 280
2024-09-19 21:29:26.803 [warning] [Decorations] CAPPING events from decorations provider vscode.git 280
2024-09-19 21:29:31.940 [warning] [Decorations] CAPPING events from decorations provider vscode.git 280
2024-09-19 21:29:37.069 [warning] [Decorations] CAPPING events from decorations provider vscode.git 280
2024-09-19 21:29:42.174 [warning] [Decorations] CAPPING events from decorations provider vscode.git 280
2024-09-19 21:29:47.301 [warning] [Decorations] CAPPING events from decorations provider vscode.git 280
2024-09-19 21:29:52.413 [warning] [Decorations] CAPPING events from decorations provider vscode.git 280
2024-09-19 21:29:57.647 [warning] [Decorations] CAPPING events from decorations provider vscode.git 280
2024-09-19 21:30:49.885 [warning] [Decorations] CAPPING events from decorations provider vscode.git 280
2024-09-19 21:30:55.060 [warning] [Decorations] CAPPING events from decorations provider vscode.git 280
2024-09-19 21:31:00.203 [warning] [Decorations] CAPPING events from decorations provider vscode.git 280
2024-09-19 21:31:05.304 [warning] [Decorations] CAPPING events from decorations provider vscode.git 280
2024-09-19 21:31:10.413 [warning] [Decorations] CAPPING events from decorations provider vscode.git 280
2024-09-19 21:31:15.507 [warning] [Decorations] CAPPING events from decorations provider vscode.git 280
2024-09-19 21:31:20.666 [warning] [Decorations] CAPPING events from decorations provider vscode.git 280
2024-09-19 21:31:25.761 [warning] [Decorations] CAPPING events from decorations provider vscode.git 280
2024-09-19 21:31:30.906 [warning] [Decorations] CAPPING events from decorations provider vscode.git 280
2024-09-19 21:31:58.188 [warning] [Decorations] CAPPING events from decorations provider vscode.git 280
2024-09-19 21:32:03.342 [warning] [Decorations] CAPPING events from decorations provider vscode.git 280
2024-09-19 21:32:08.502 [warning] [Decorations] CAPPING events from decorations provider vscode.git 280
2024-09-19 21:32:13.609 [warning] [Decorations] CAPPING events from decorations provider vscode.git 280
2024-09-19 21:32:18.747 [warning] [Decorations] CAPPING events from decorations provider vscode.git 280
2024-09-19 21:32:23.892 [warning] [Decorations] CAPPING events from decorations provider vscode.git 280
2024-09-19 21:32:30.034 [warning] [Decorations] CAPPING events from decorations provider vscode.git 280
2024-09-19 21:32:35.139 [warning] [Decorations] CAPPING events from decorations provider vscode.git 280
2024-09-19 21:32:40.276 [warning] [Decorations] CAPPING events from decorations provider vscode.git 280
2024-09-19 21:32:45.401 [warning] [Decorations] CAPPING events from decorations provider vscode.git 280
2024-09-19 21:32:50.534 [warning] [Decorations] CAPPING events from decorations provider vscode.git 280
2024-09-19 21:32:55.668 [warning] [Decorations] CAPPING events from decorations provider vscode.git 280
2024-09-19 21:33:00.832 [warning] [Decorations] CAPPING events from decorations provider vscode.git 280
2024-09-19 21:33:05.948 [warning] [Decorations] CAPPING events from decorations provider vscode.git 280
2024-09-19 21:33:11.084 [warning] [Decorations] CAPPING events from decorations provider vscode.git 280
2024-09-19 21:33:16.229 [warning] [Decorations] CAPPING events from decorations provider vscode.git 280
2024-09-19 21:33:21.367 [warning] [Decorations] CAPPING events from decorations provider vscode.git 280
2024-09-19 21:33:26.548 [warning] [Decorations] CAPPING events from decorations provider vscode.git 280
2024-09-19 21:33:31.693 [warning] [Decorations] CAPPING events from decorations provider vscode.git 280
2024-09-19 21:33:36.832 [warning] [Decorations] CAPPING events from decorations provider vscode.git 280
2024-09-19 21:33:41.960 [warning] [Decorations] CAPPING events from decorations provider vscode.git 280
2024-09-19 21:33:47.100 [warning] [Decorations] CAPPING events from decorations provider vscode.git 280
2024-09-19 21:33:52.228 [warning] [Decorations] CAPPING events from decorations provider vscode.git 280
2024-09-19 21:33:57.380 [warning] [Decorations] CAPPING events from decorations provider vscode.git 280
2024-09-19 21:34:02.514 [warning] [Decorations] CAPPING events from decorations provider vscode.git 280
2024-09-19 21:34:07.659 [warning] [Decorations] CAPPING events from decorations provider vscode.git 280
2024-09-19 21:34:12.814 [warning] [Decorations] CAPPING events from decorations provider vscode.git 280
2024-09-19 21:34:17.948 [warning] [Decorations] CAPPING events from decorations provider vscode.git 280
2024-09-19 21:34:23.108 [warning] [Decorations] CAPPING events from decorations provider vscode.git 280
2024-09-19 21:34:28.295 [warning] [Decorations] CAPPING events from decorations provider vscode.git 280
2024-09-19 21:34:33.400 [warning] [Decorations] CAPPING events from decorations provider vscode.git 280
2024-09-19 21:34:42.243 [warning] [Decorations] CAPPING events from decorations provider vscode.git 280
2024-09-19 21:34:47.411 [warning] [Decorations] CAPPING events from decorations provider vscode.git 280
2024-09-19 21:34:52.586 [warning] [Decorations] CAPPING events from decorations provider vscode.git 281
2024-09-19 21:34:57.716 [warning] [Decorations] CAPPING events from decorations provider vscode.git 281
2024-09-19 21:35:02.831 [warning] [Decorations] CAPPING events from decorations provider vscode.git 283
2024-09-19 21:35:07.967 [warning] [Decorations] CAPPING events from decorations provider vscode.git 282
2024-09-19 21:35:13.118 [warning] [Decorations] CAPPING events from decorations provider vscode.git 282
2024-09-19 21:35:18.229 [warning] [Decorations] CAPPING events from decorations provider vscode.git 282
2024-09-19 21:35:23.367 [warning] [Decorations] CAPPING events from decorations provider vscode.git 282
2024-09-19 21:35:28.497 [warning] [Decorations] CAPPING events from decorations provider vscode.git 282
2024-09-19 21:35:33.612 [warning] [Decorations] CAPPING events from decorations provider vscode.git 282
2024-09-19 21:35:38.895 [warning] [Decorations] CAPPING events from decorations provider vscode.git 282
2024-09-19 21:35:44.007 [warning] [Decorations] CAPPING events from decorations provider vscode.git 282
2024-09-19 21:35:51.504 [warning] [Decorations] CAPPING events from decorations provider vscode.git 282
2024-09-19 21:35:56.672 [warning] [Decorations] CAPPING events from decorations provider vscode.git 282
2024-09-19 21:36:01.807 [warning] [Decorations] CAPPING events from decorations provider vscode.git 282
2024-09-19 21:36:10.385 [warning] [Decorations] CAPPING events from decorations provider vscode.git 282
2024-09-19 21:36:15.481 [warning] [Decorations] CAPPING events from decorations provider vscode.git 282
2024-09-19 21:36:20.648 [warning] [Decorations] CAPPING events from decorations provider vscode.git 282
2024-09-19 21:36:25.796 [warning] [Decorations] CAPPING events from decorations provider vscode.git 282
2024-09-19 21:36:30.912 [warning] [Decorations] CAPPING events from decorations provider vscode.git 283
2024-09-19 21:36:36.056 [warning] [Decorations] CAPPING events from decorations provider vscode.git 285
2024-09-19 21:36:41.171 [warning] [Decorations] CAPPING events from decorations provider vscode.git 284
2024-09-19 21:36:46.344 [warning] [Decorations] CAPPING events from decorations provider vscode.git 284
2024-09-19 21:36:51.469 [warning] [Decorations] CAPPING events from decorations provider vscode.git 284
2024-09-19 21:36:56.614 [warning] [Decorations] CAPPING events from decorations provider vscode.git 284
2024-09-19 21:37:01.766 [warning] [Decorations] CAPPING events from decorations provider vscode.git 284
2024-09-19 21:37:06.916 [warning] [Decorations] CAPPING events from decorations provider vscode.git 284
2024-09-19 21:37:12.094 [warning] [Decorations] CAPPING events from decorations provider vscode.git 284
2024-09-19 21:37:17.268 [warning] [Decorations] CAPPING events from decorations provider vscode.git 284
2024-09-19 21:37:22.410 [warning] [Decorations] CAPPING events from decorations provider vscode.git 284
2024-09-19 21:37:27.545 [warning] [Decorations] CAPPING events from decorations provider vscode.git 284
2024-09-19 21:37:32.676 [warning] [Decorations] CAPPING events from decorations provider vscode.git 284
2024-09-19 22:36:05.379 [warning] [Decorations] CAPPING events from decorations provider vscode.git 286
2024-09-19 22:36:10.536 [warning] [Decorations] CAPPING events from decorations provider vscode.git 286
2024-09-19 22:36:15.691 [warning] [Decorations] CAPPING events from decorations provider vscode.git 286
2024-09-19 22:36:20.863 [warning] [Decorations] CAPPING events from decorations provider vscode.git 286
2024-09-19 22:36:25.970 [warning] [Decorations] CAPPING events from decorations provider vscode.git 286
2024-09-19 22:36:31.100 [warning] [Decorations] CAPPING events from decorations provider vscode.git 286
2024-09-19 22:36:36.223 [warning] [Decorations] CAPPING events from decorations provider vscode.git 286
2024-09-19 22:36:41.374 [warning] [Decorations] CAPPING events from decorations provider vscode.git 286
2024-09-19 22:36:46.562 [warning] [Decorations] CAPPING events from decorations provider vscode.git 286
2024-09-19 22:36:51.744 [warning] [Decorations] CAPPING events from decorations provider vscode.git 287
2024-09-19 22:36:56.931 [warning] [Decorations] CAPPING events from decorations provider vscode.git 287
2024-09-19 22:37:02.207 [warning] [Decorations] CAPPING events from decorations provider vscode.git 287
2024-09-19 22:37:07.318 [warning] [Decorations] CAPPING events from decorations provider vscode.git 287
2024-09-19 22:37:12.413 [warning] [Decorations] CAPPING events from decorations provider vscode.git 287
2024-09-19 22:37:17.543 [warning] [Decorations] CAPPING events from decorations provider vscode.git 287
2024-09-19 22:37:22.741 [warning] [Decorations] CAPPING events from decorations provider vscode.git 287
2024-09-19 22:37:28.087 [warning] [Decorations] CAPPING events from decorations provider vscode.git 287
2024-09-19 22:37:33.260 [warning] [Decorations] CAPPING events from decorations provider vscode.git 287
2024-09-19 22:37:38.371 [warning] [Decorations] CAPPING events from decorations provider vscode.git 287
2024-09-19 22:37:43.518 [warning] [Decorations] CAPPING events from decorations provider vscode.git 287
2024-09-19 22:37:48.688 [warning] [Decorations] CAPPING events from decorations provider vscode.git 287
2024-09-19 22:37:53.910 [warning] [Decorations] CAPPING events from decorations provider vscode.git 289
2024-09-19 22:37:59.017 [warning] [Decorations] CAPPING events from decorations provider vscode.git 288
2024-09-19 22:38:04.203 [warning] [Decorations] CAPPING events from decorations provider vscode.git 288
2024-09-19 22:38:09.324 [warning] [Decorations] CAPPING events from decorations provider vscode.git 288
2024-09-19 22:38:14.449 [warning] [Decorations] CAPPING events from decorations provider vscode.git 288
2024-09-19 22:38:19.588 [warning] [Decorations] CAPPING events from decorations provider vscode.git 288
2024-09-19 22:38:24.698 [warning] [Decorations] CAPPING events from decorations provider vscode.git 288
2024-09-19 22:38:29.865 [warning] [Decorations] CAPPING events from decorations provider vscode.git 288
2024-09-19 22:38:35.044 [warning] [Decorations] CAPPING events from decorations provider vscode.git 288
2024-09-19 22:38:40.182 [warning] [Decorations] CAPPING events from decorations provider vscode.git 288
2024-09-19 22:38:45.331 [warning] [Decorations] CAPPING events from decorations provider vscode.git 288
2024-09-19 22:38:50.431 [warning] [Decorations] CAPPING events from decorations provider vscode.git 288
2024-09-19 22:38:55.573 [warning] [Decorations] CAPPING events from decorations provider vscode.git 288
2024-09-19 22:39:00.722 [warning] [Decorations] CAPPING events from decorations provider vscode.git 288
2024-09-19 22:39:05.902 [warning] [Decorations] CAPPING events from decorations provider vscode.git 288
2024-09-19 22:39:11.026 [warning] [Decorations] CAPPING events from decorations provider vscode.git 288
2024-09-19 22:39:16.157 [warning] [Decorations] CAPPING events from decorations provider vscode.git 288
2024-09-19 22:39:21.361 [warning] [Decorations] CAPPING events from decorations provider vscode.git 288
2024-09-19 22:39:26.485 [warning] [Decorations] CAPPING events from decorations provider vscode.git 288
2024-09-19 22:39:31.750 [warning] [Decorations] CAPPING events from decorations provider vscode.git 288
2024-09-19 22:39:36.995 [warning] [Decorations] CAPPING events from decorations provider vscode.git 288
2024-09-19 22:39:42.124 [warning] [Decorations] CAPPING events from decorations provider vscode.git 288
2024-09-19 22:39:47.257 [warning] [Decorations] CAPPING events from decorations provider vscode.git 288
2024-09-19 22:39:52.409 [warning] [Decorations] CAPPING events from decorations provider vscode.git 288
2024-09-19 22:39:57.563 [warning] [Decorations] CAPPING events from decorations provider vscode.git 288
2024-09-19 22:40:02.944 [warning] [Decorations] CAPPING events from decorations provider vscode.git 288
2024-09-19 22:40:08.109 [warning] [Decorations] CAPPING events from decorations provider vscode.git 288
2024-09-19 22:40:13.256 [warning] [Decorations] CAPPING events from decorations provider vscode.git 288
2024-09-19 22:40:18.446 [warning] [Decorations] CAPPING events from decorations provider vscode.git 288
2024-09-19 22:40:23.615 [warning] [Decorations] CAPPING events from decorations provider vscode.git 288
2024-09-19 22:40:28.758 [warning] [Decorations] CAPPING events from decorations provider vscode.git 288
2024-09-19 22:40:33.938 [warning] [Decorations] CAPPING events from decorations provider vscode.git 288
2024-09-19 22:40:39.322 [warning] [Decorations] CAPPING events from decorations provider vscode.git 288
2024-09-19 22:41:38.397 [warning] [Decorations] CAPPING events from decorations provider vscode.git 288
2024-09-19 22:41:43.511 [warning] [Decorations] CAPPING events from decorations provider vscode.git 288
2024-09-19 22:41:48.631 [warning] [Decorations] CAPPING events from decorations provider vscode.git 289
2024-09-19 22:41:53.760 [warning] [Decorations] CAPPING events from decorations provider vscode.git 289
2024-09-19 22:41:58.872 [warning] [Decorations] CAPPING events from decorations provider vscode.git 288
2024-09-19 22:42:03.983 [warning] [Decorations] CAPPING events from decorations provider vscode.git 289
2024-09-19 22:42:09.167 [warning] [Decorations] CAPPING events from decorations provider vscode.git 291
2024-09-19 22:42:13.211 [info] ExtensionService#_doActivateExtension vscode.grunt, startup: false, activationEvent: 'onTaskType:grunt'
2024-09-19 22:42:13.251 [info] ExtensionService#_doActivateExtension vscode.gulp, startup: false, activationEvent: 'onTaskType:gulp'
2024-09-19 22:42:13.270 [info] ExtensionService#_doActivateExtension vscode.jake, startup: false, activationEvent: 'onTaskType:jake'
2024-09-19 22:42:14.296 [warning] [Decorations] CAPPING events from decorations provider vscode.git 293
2024-09-19 22:42:19.452 [warning] [Decorations] CAPPING events from decorations provider vscode.git 303
2024-09-19 22:42:24.618 [warning] [Decorations] CAPPING events from decorations provider vscode.git 312
2024-09-19 22:42:29.770 [warning] [Decorations] CAPPING events from decorations provider vscode.git 313
2024-09-19 22:42:34.929 [warning] [Decorations] CAPPING events from decorations provider vscode.git 313
2024-09-19 22:42:40.080 [warning] [Decorations] CAPPING events from decorations provider vscode.git 313
2024-09-19 22:42:45.197 [warning] [Decorations] CAPPING events from decorations provider vscode.git 313
2024-09-19 22:42:50.342 [warning] [Decorations] CAPPING events from decorations provider vscode.git 313
2024-09-19 22:42:55.484 [warning] [Decorations] CAPPING events from decorations provider vscode.git 314
2024-09-19 22:43:00.600 [warning] [Decorations] CAPPING events from decorations provider vscode.git 314
2024-09-19 22:43:05.739 [warning] [Decorations] CAPPING events from decorations provider vscode.git 314
2024-09-19 22:43:10.873 [warning] [Decorations] CAPPING events from decorations provider vscode.git 314
2024-09-19 22:43:15.969 [warning] [Decorations] CAPPING events from decorations provider vscode.git 314
2024-09-19 22:43:21.156 [warning] [Decorations] CAPPING events from decorations provider vscode.git 314
2024-09-19 22:43:26.351 [warning] [Decorations] CAPPING events from decorations provider vscode.git 314
2024-09-19 22:43:31.461 [warning] [Decorations] CAPPING events from decorations provider vscode.git 314
2024-09-19 22:43:36.642 [warning] [Decorations] CAPPING events from decorations provider vscode.git 314
2024-09-19 22:43:41.749 [warning] [Decorations] CAPPING events from decorations provider vscode.git 314
2024-09-19 22:43:46.935 [warning] [Decorations] CAPPING events from decorations provider vscode.git 314
2024-09-19 22:43:52.058 [warning] [Decorations] CAPPING events from decorations provider vscode.git 314
2024-09-19 22:43:57.219 [warning] [Decorations] CAPPING events from decorations provider vscode.git 314
2024-09-19 22:44:02.333 [warning] [Decorations] CAPPING events from decorations provider vscode.git 314
2024-09-19 22:44:07.460 [warning] [Decorations] CAPPING events from decorations provider vscode.git 314
2024-09-19 22:44:12.582 [warning] [Decorations] CAPPING events from decorations provider vscode.git 314
2024-09-19 22:44:17.696 [warning] [Decorations] CAPPING events from decorations provider vscode.git 314
2024-09-19 22:44:22.858 [warning] [Decorations] CAPPING events from decorations provider vscode.git 314
2024-09-19 22:44:27.957 [warning] [Decorations] CAPPING events from decorations provider vscode.git 314
2024-09-19 22:44:33.099 [warning] [Decorations] CAPPING events from decorations provider vscode.git 314
2024-09-19 22:44:38.232 [warning] [Decorations] CAPPING events from decorations provider vscode.git 314
2024-09-19 22:44:43.376 [warning] [Decorations] CAPPING events from decorations provider vscode.git 314
2024-09-19 22:44:48.501 [warning] [Decorations] CAPPING events from decorations provider vscode.git 314
2024-09-19 22:44:53.678 [warning] [Decorations] CAPPING events from decorations provider vscode.git 314
2024-09-19 22:44:58.818 [warning] [Decorations] CAPPING events from decorations provider vscode.git 314
2024-09-19 22:45:03.953 [warning] [Decorations] CAPPING events from decorations provider vscode.git 314
2024-09-19 22:45:09.085 [warning] [Decorations] CAPPING events from decorations provider vscode.git 314
2024-09-19 22:45:14.222 [warning] [Decorations] CAPPING events from decorations provider vscode.git 314
2024-09-19 22:46:22.881 [warning] [Decorations] CAPPING events from decorations provider vscode.git 314
2024-09-19 22:46:28.005 [warning] [Decorations] CAPPING events from decorations provider vscode.git 314
2024-09-19 22:46:33.106 [warning] [Decorations] CAPPING events from decorations provider vscode.git 314
2024-09-19 22:46:38.280 [warning] [Decorations] CAPPING events from decorations provider vscode.git 314
2024-09-19 22:46:43.443 [warning] [Decorations] CAPPING events from decorations provider vscode.git 314
2024-09-19 22:46:48.543 [warning] [Decorations] CAPPING events from decorations provider vscode.git 314
2024-09-19 22:46:53.688 [warning] [Decorations] CAPPING events from decorations provider vscode.git 314
2024-09-19 22:46:58.796 [warning] [Decorations] CAPPING events from decorations provider vscode.git 314
2024-09-19 22:47:03.960 [warning] [Decorations] CAPPING events from decorations provider vscode.git 314
2024-09-19 22:47:09.084 [warning] [Decorations] CAPPING events from decorations provider vscode.git 314
2024-09-19 22:47:14.269 [warning] [Decorations] CAPPING events from decorations provider vscode.git 314
2024-09-19 22:47:19.444 [warning] [Decorations] CAPPING events from decorations provider vscode.git 314
2024-09-19 22:47:24.599 [warning] [Decorations] CAPPING events from decorations provider vscode.git 314
2024-09-19 22:47:29.762 [warning] [Decorations] CAPPING events from decorations provider vscode.git 314
2024-09-19 22:47:34.910 [warning] [Decorations] CAPPING events from decorations provider vscode.git 314
2024-09-19 22:47:40.045 [warning] [Decorations] CAPPING events from decorations provider vscode.git 314
2024-09-19 22:47:45.204 [warning] [Decorations] CAPPING events from decorations provider vscode.git 314
2024-09-19 22:47:50.314 [warning] [Decorations] CAPPING events from decorations provider vscode.git 314
2024-09-19 22:47:55.478 [warning] [Decorations] CAPPING events from decorations provider vscode.git 314
2024-09-19 22:52:17.444 [warning] [Decorations] CAPPING events from decorations provider vscode.git 314
2024-09-19 22:52:22.590 [warning] [Decorations] CAPPING events from decorations provider vscode.git 314
2024-09-19 22:52:27.696 [warning] [Decorations] CAPPING events from decorations provider vscode.git 314
2024-09-19 22:52:32.841 [warning] [Decorations] CAPPING events from decorations provider vscode.git 314
2024-09-19 22:52:37.987 [warning] [Decorations] CAPPING events from decorations provider vscode.git 314
2024-09-19 22:53:11.481 [warning] [Decorations] CAPPING events from decorations provider vscode.git 314
2024-09-19 22:53:16.629 [warning] [Decorations] CAPPING events from decorations provider vscode.git 314
2024-09-19 22:53:21.816 [warning] [Decorations] CAPPING events from decorations provider vscode.git 314
2024-09-19 22:53:27.009 [warning] [Decorations] CAPPING events from decorations provider vscode.git 314
2024-09-19 22:53:32.143 [warning] [Decorations] CAPPING events from decorations provider vscode.git 314
2024-09-19 22:55:11.292 [warning] [Decorations] CAPPING events from decorations provider vscode.git 314
2024-09-19 22:55:16.432 [warning] [Decorations] CAPPING events from decorations provider vscode.git 314
2024-09-19 22:55:21.527 [warning] [Decorations] CAPPING events from decorations provider vscode.git 314
2024-09-19 22:55:26.653 [warning] [Decorations] CAPPING events from decorations provider vscode.git 314
2024-09-19 22:55:31.750 [warning] [Decorations] CAPPING events from decorations provider vscode.git 314
2024-09-19 22:55:36.925 [warning] [Decorations] CAPPING events from decorations provider vscode.git 314
2024-09-19 22:55:42.049 [warning] [Decorations] CAPPING events from decorations provider vscode.git 314
2024-09-19 22:55:47.146 [warning] [Decorations] CAPPING events from decorations provider vscode.git 315
2024-09-19 22:55:52.281 [warning] [Decorations] CAPPING events from decorations provider vscode.git 315
2024-09-19 22:55:57.441 [warning] [Decorations] CAPPING events from decorations provider vscode.git 315
2024-09-19 22:56:02.595 [warning] [Decorations] CAPPING events from decorations provider vscode.git 315
2024-09-19 22:56:07.713 [warning] [Decorations] CAPPING events from decorations provider vscode.git 315
2024-09-19 22:56:12.888 [warning] [Decorations] CAPPING events from decorations provider vscode.git 315
2024-09-19 22:56:18.020 [warning] [Decorations] CAPPING events from decorations provider vscode.git 315
2024-09-19 22:56:23.152 [warning] [Decorations] CAPPING events from decorations provider vscode.git 315
2024-09-19 22:56:28.338 [warning] [Decorations] CAPPING events from decorations provider vscode.git 315
2024-09-19 22:56:33.531 [warning] [Decorations] CAPPING events from decorations provider vscode.git 315
2024-09-19 22:56:38.671 [warning] [Decorations] CAPPING events from decorations provider vscode.git 315
2024-09-19 22:56:43.831 [warning] [Decorations] CAPPING events from decorations provider vscode.git 315
2024-09-19 22:56:48.943 [warning] [Decorations] CAPPING events from decorations provider vscode.git 315
2024-09-19 22:56:54.054 [warning] [Decorations] CAPPING events from decorations provider vscode.git 315
2024-09-19 22:56:56.046 [warning] [Decorations] CAPPING events from decorations provider vscode.git 315
2024-09-19 22:56:59.166 [warning] [Decorations] CAPPING events from decorations provider vscode.git 315
2024-09-19 22:57:04.295 [warning] [Decorations] CAPPING events from decorations provider vscode.git 315
2024-09-19 22:57:09.444 [warning] [Decorations] CAPPING events from decorations provider vscode.git 315
2024-09-19 22:57:14.596 [warning] [Decorations] CAPPING events from decorations provider vscode.git 315
2024-09-19 22:57:19.767 [warning] [Decorations] CAPPING events from decorations provider vscode.git 315
2024-09-19 22:57:24.929 [warning] [Decorations] CAPPING events from decorations provider vscode.git 315
2024-09-19 22:57:30.079 [warning] [Decorations] CAPPING events from decorations provider vscode.git 315
2024-09-19 22:57:33.711 [warning] [Decorations] CAPPING events from decorations provider vscode.git 315
